c:\users\kkth3\onedrive\문서\github\jol_server\server\gameserver\x64\debug\gameserver.pch
c:\users\kkth3\onedrive\문서\github\jol_server\server\gameserver\x64\debug\vc143.pdb
c:\users\kkth3\onedrive\문서\github\jol_server\server\gameserver\x64\debug\vc143.idb
c:\users\kkth3\onedrive\문서\github\jol_server\server\gameserver\x64\debug\pch.obj
c:\users\kkth3\onedrive\문서\github\jol_server\server\gameserver\x64\debug\weapon.obj
c:\users\kkth3\onedrive\문서\github\jol_server\server\gameserver\x64\debug\tree.obj
c:\users\kkth3\onedrive\문서\github\jol_server\server\gameserver\x64\debug\transformobject.obj
c:\users\kkth3\onedrive\문서\github\jol_server\server\gameserver\x64\debug\terrain_manager.obj
c:\users\kkth3\onedrive\문서\github\jol_server\server\gameserver\x64\debug\serverpackethandler.obj
c:\users\kkth3\onedrive\문서\github\jol_server\server\gameserver\x64\debug\room.obj
c:\users\kkth3\onedrive\문서\github\jol_server\server\gameserver\x64\debug\tank.obj
c:\users\kkth3\onedrive\문서\github\jol_server\server\gameserver\x64\debug\sglobal.obj
c:\users\kkth3\onedrive\문서\github\jol_server\server\gameserver\x64\debug\room_manager.obj
c:\users\kkth3\onedrive\문서\github\jol_server\server\gameserver\x64\debug\player.obj
c:\users\kkth3\onedrive\문서\github\jol_server\server\gameserver\x64\debug\objectmanager.obj
c:\users\kkth3\onedrive\문서\github\jol_server\server\gameserver\x64\debug\normal_potan.obj
c:\users\kkth3\onedrive\문서\github\jol_server\server\gameserver\x64\debug\gameobject.obj
c:\users\kkth3\onedrive\문서\github\jol_server\server\gameserver\x64\debug\clientsessionmanager.obj
c:\users\kkth3\onedrive\문서\github\jol_server\server\gameserver\x64\debug\clientsession.obj
c:\users\kkth3\onedrive\문서\github\jol_server\server\gameserver\x64\debug\gameserver.obj
c:\users\kkth3\onedrive\문서\github\jol_server\server\gameserver\x64\debug\collision_manager.obj
c:\users\kkth3\onedrive\문서\github\jol_server\server\binary\debug\gameserver.exe
c:\users\kkth3\onedrive\문서\github\jol_server\server\binary\debug\gameserver.pdb
c:\users\kkth3\onedrive\문서\github\jol_server\server\gameserver\x64\debug\gameserver.ilk
c:\users\kkth3\onedrive\문서\github\jol_server\server\gameserver\x64\debug\gameserver.tlog\cl.command.1.tlog
c:\users\kkth3\onedrive\문서\github\jol_server\server\gameserver\x64\debug\gameserver.tlog\cl.items.tlog
c:\users\kkth3\onedrive\문서\github\jol_server\server\gameserver\x64\debug\gameserver.tlog\cl.read.1.tlog
c:\users\kkth3\onedrive\문서\github\jol_server\server\gameserver\x64\debug\gameserver.tlog\cl.write.1.tlog
c:\users\kkth3\onedrive\문서\github\jol_server\server\gameserver\x64\debug\gameserver.tlog\link.command.1.tlog
c:\users\kkth3\onedrive\문서\github\jol_server\server\gameserver\x64\debug\gameserver.tlog\link.read.1.tlog
c:\users\kkth3\onedrive\문서\github\jol_server\server\gameserver\x64\debug\gameserver.tlog\link.secondary.1.tlog
c:\users\kkth3\onedrive\문서\github\jol_server\server\gameserver\x64\debug\gameserver.tlog\link.write.1.tlog
